<?xml version="1.0" encoding="UTF-8"?>
<robot generator="Robot 3.2.1 (Python 3.8.3 on win32)" generated="20200713 19:44:52.912" rpa="false">
<suite id="s1" name="IntroductionRobotFramework" source="C:\Users\Asus\eclipse-workspace\IntroductionRobotFramework">
<suite id="s1-s1" name="LiginRobot" source="C:\Users\Asus\eclipse-workspace\IntroductionRobotFramework\LiginRobot.robot">
<test id="s1-s1-t1" name="LoginTest">
<kw name="Open Browser" library="SeleniumLibrary">
<doc>Opens a new browser instance to the optional ``url``.</doc>
<arguments>
<arg>${URL}</arg>
<arg>${Browser}</arg>
</arguments>
<msg timestamp="20200713 19:44:53.478" level="INFO">Opening browser 'gc' to base url 'https://opensource-demo.orangehrmlive.com/index.php/auth/login'.</msg>
<status status="PASS" starttime="20200713 19:44:53.478" endtime="20200713 19:44:57.744"></status>
</kw>
<kw name="Maximize Browser Window" library="SeleniumLibrary">
<doc>Maximizes current browser window.</doc>
<status status="PASS" starttime="20200713 19:44:57.744" endtime="20200713 19:44:59.893"></status>
</kw>
<kw name="Set Browser Implicit Wait" library="SeleniumLibrary">
<doc>Sets the implicit wait value used by Selenium.</doc>
<arguments>
<arg>2s</arg>
</arguments>
<status status="PASS" starttime="20200713 19:44:59.897" endtime="20200713 19:44:59.903"></status>
</kw>
<kw name="Input Text" library="SeleniumLibrary">
<doc>Types the given ``text`` into the text field identified by ``locator``.</doc>
<arguments>
<arg>id=txtUsername</arg>
<arg>&amp;{DataLogin}[username]</arg>
</arguments>
<msg timestamp="20200713 19:44:59.906" level="WARN">Accessing variable items using '&amp;{DataLogin}[username]' syntax is deprecated. Use '${DataLogin}[username]' instead.</msg>
<msg timestamp="20200713 19:44:59.906" level="INFO">Typing text 'Admin' into text field 'id=txtUsername'.</msg>
<status status="PASS" starttime="20200713 19:44:59.904" endtime="20200713 19:45:00.256"></status>
</kw>
<kw name="Input Text" library="SeleniumLibrary">
<doc>Types the given ``text`` into the text field identified by ``locator``.</doc>
<arguments>
<arg>id=txtPassword</arg>
<arg>&amp;{DataLogin}[password]</arg>
</arguments>
<msg timestamp="20200713 19:45:00.257" level="WARN">Accessing variable items using '&amp;{DataLogin}[password]' syntax is deprecated. Use '${DataLogin}[password]' instead.</msg>
<msg timestamp="20200713 19:45:00.258" level="INFO">Typing text 'admin123' into text field 'id=txtPassword'.</msg>
<status status="PASS" starttime="20200713 19:45:00.256" endtime="20200713 19:45:00.448"></status>
</kw>
<kw name="Click Button" library="SeleniumLibrary">
<doc>Clicks the button identified by ``locator``.</doc>
<arguments>
<arg>id=btnLogin</arg>
</arguments>
<msg timestamp="20200713 19:45:00.449" level="INFO">Clicking button 'id=btnLogin'.</msg>
<status status="PASS" starttime="20200713 19:45:00.448" endtime="20200713 19:45:01.948"></status>
</kw>
<kw name="Click Element" library="SeleniumLibrary">
<doc>Click the element identified by ``locator``.</doc>
<arguments>
<arg>id=welcome</arg>
</arguments>
<msg timestamp="20200713 19:45:01.951" level="INFO">Clicking element 'id=welcome'.</msg>
<status status="PASS" starttime="20200713 19:45:01.949" endtime="20200713 19:45:02.080"></status>
</kw>
<kw name="Sleep" library="BuiltIn">
<doc>Pauses the test executed for the given time.</doc>
<arguments>
<arg>2s</arg>
</arguments>
<msg timestamp="20200713 19:45:04.081" level="INFO">Slept 2 seconds</msg>
<status status="PASS" starttime="20200713 19:45:02.080" endtime="20200713 19:45:04.082"></status>
</kw>
<kw name="Click Element" library="SeleniumLibrary">
<doc>Click the element identified by ``locator``.</doc>
<arguments>
<arg>link=Logout</arg>
</arguments>
<msg timestamp="20200713 19:45:04.083" level="INFO">Clicking element 'link=Logout'.</msg>
<status status="PASS" starttime="20200713 19:45:04.082" endtime="20200713 19:45:04.528"></status>
</kw>
<kw name="Log" library="BuiltIn">
<doc>Logs the given message with the given level.</doc>
<arguments>
<arg>Ceci est un test executer par %{username} dans %{os}</arg>
</arguments>
<msg timestamp="20200713 19:45:04.532" level="INFO">Ceci est un test executer par Asus dans Windows_NT</msg>
<status status="PASS" starttime="20200713 19:45:04.529" endtime="20200713 19:45:04.533"></status>
</kw>
<kw name="Log" library="BuiltIn">
<doc>Logs the given message with the given level.</doc>
<arguments>
<arg>Fin de test</arg>
</arguments>
<msg timestamp="20200713 19:45:04.536" level="INFO">Fin de test</msg>
<status status="PASS" starttime="20200713 19:45:04.534" endtime="20200713 19:45:04.536"></status>
</kw>
<kw name="Close Browser" library="SeleniumLibrary">
<doc>Closes the current browser.</doc>
<status status="PASS" starttime="20200713 19:45:04.537" endtime="20200713 19:45:06.886"></status>
</kw>
<doc>Cesi un test</doc>
<status status="PASS" starttime="20200713 19:44:53.476" endtime="20200713 19:45:06.886" critical="yes"></status>
</test>
<status status="PASS" starttime="20200713 19:44:53.049" endtime="20200713 19:45:06.888"></status>
</suite>
<status status="PASS" starttime="20200713 19:44:52.978" endtime="20200713 19:45:06.893"></status>
</suite>
<statistics>
<total>
<stat pass="1" fail="0">Critical Tests</stat>
<stat pass="1" fail="0">All Tests</stat>
</total>
<tag>
</tag>
<suite>
<stat pass="1" fail="0" id="s1" name="IntroductionRobotFramework">IntroductionRobotFramework</stat>
<stat pass="1" fail="0" id="s1-s1" name="LiginRobot">IntroductionRobotFramework.LiginRobot</stat>
</suite>
</statistics>
<errors>
<msg timestamp="20200713 19:44:59.906" level="WARN">Accessing variable items using '&amp;{DataLogin}[username]' syntax is deprecated. Use '${DataLogin}[username]' instead.</msg>
<msg timestamp="20200713 19:45:00.257" level="WARN">Accessing variable items using '&amp;{DataLogin}[password]' syntax is deprecated. Use '${DataLogin}[password]' instead.</msg>
</errors>
</robot>
